<?xml version="1.0" encoding="UTF-8"?>
<testng-results total="1" passed="1" failed="0" skipped="0">
  <reporter-output>
  </reporter-output>
  <suite started-at="2019-11-25T07:14:06Z" name="Default suite" finished-at="2019-11-25T07:14:51Z" duration-ms="44522">
    <groups>
    </groups>
    <test started-at="2019-11-25T07:14:06Z" name="Default test" finished-at="2019-11-25T07:14:51Z" duration-ms="44522">
      <class name="homepage.HeaderFooter">
        <test-method is-config="true" signature="Loginpage()[pri:0, instance:homepage.HeaderFooter@6a472554]" started-at="2019-11-25T12:44:06Z" name="Loginpage" finished-at="2019-11-25T12:44:35Z" duration-ms="28407" status="PASS">
          <reporter-output>
          </reporter-output>
        </test-method> <!-- Loginpage -->
        <test-method signature="headerfooter()[pri:0, instance:homepage.HeaderFooter@6a472554]" started-at="2019-11-25T12:44:35Z" name="headerfooter" finished-at="2019-11-25T12:44:51Z" duration-ms="16078" status="PASS">
          <reporter-output>
          </reporter-output>
        </test-method> <!-- headerfooter -->
      </class> <!-- homepage.HeaderFooter -->
    </test> <!-- Default test -->
  </suite> <!-- Default suite -->
</testng-results>
