<?xml version="1.0" encoding="UTF-8"?>
<!-- Generated by org.testng.reporters.JUnitXMLReporter -->
<testsuite hostname="DESKTOP-CP9R3IJ" ignored="0" name="Test" tests="20" failures="0" timestamp="18 Jan 2019 05:08:25 GMT" time="1136.121" errors="0">
  <testcase name="headerfooter" time="4.233" classname="homepage.HeaderFooter"/>
  <testcase name="FooterLink" time="7.372" classname="homepage.FooterLink"/>
  <testcase name="CartLink" time="3.231" classname="homepage.CartLink"/>
  <testcase name="Searchbox" time="14.595" classname="homepage.Searchbox"/>
  <testcase name="SigninLink" time="5.366" classname="homepage.SigninLink"/>
  <testcase name="Filterplplist" time="26.619" classname="plppage.Filterplppage"/>
  <testcase name="PlpHeaderFooter" time="30.678" classname="plppage.PlpHeaderFooter"/>
  <testcase name="PlpProductList" time="17.276" classname="plppage.PlpProductList"/>
  <testcase name="Sorting" time="26.386" classname="plppage.Sorting"/>
  <testcase name="Wishlist" time="26.266" classname="pdppage.ProductimageTest"/>
  <testcase name="AddtoCart" time="33.529" classname="pdppage.AddtoCart"/>
  <testcase name="PdpDetails" time="34.437" classname="pdppage.PdpDetails"/>
  <testcase name="PdptopMenu" time="25.583" classname="pdppage.PdptopMenu"/>
  <testcase name="PdpHeaderFooter" time="34.248" classname="pdppage.PdpHeaderFooter"/>
  <testcase name="Wishlist" time="48.136" classname="pdppage.Wishlist"/>
  <testcase name="updatecart" time="41.413" classname="Cart.CheckoutButton"/>
  <testcase name="updatecart" time="63.221" classname="Cart.UpdateCart"/>
  <testcase name="CartHeaderFooter" time="51.116" classname="Cart.CartHeaderFooter"/>
  <testcase name="CancelCheckout" time="34.503" classname="Checkout.CancelCheckout"/>
  <testcase name="CheckoutProcess" time="103.78" classname="Checkout.CheckoutProcess"/>
</testsuite> <!-- Test -->
